28-Apr-2026 12:19:52.180 INFORMACIÓN [main] org.apache.catalina.startup.VersionLoggerListener.log Nombre de la versión del servidor: Apache Tomcat/9.0.117
28-Apr-2026 12:19:52.183 INFORMACIÓN [main] org.apache.catalina.startup.VersionLoggerListener.log Server built:                      Mar 30 2026 18:21:16 UTC
28-Apr-2026 12:19:52.183 INFORMACIÓN [main] org.apache.catalina.startup.VersionLoggerListener.log Número de versión de servidor:     9.0.117.0
28-Apr-2026 12:19:52.184 INFORMACIÓN [main] org.apache.catalina.startup.VersionLoggerListener.log OS Name:                           Linux
28-Apr-2026 12:19:52.184 INFORMACIÓN [main] org.apache.catalina.startup.VersionLoggerListener.log Versión de Systema Operativo:      6.19.10-hardened1-1-hardened
28-Apr-2026 12:19:52.184 INFORMACIÓN [main] org.apache.catalina.startup.VersionLoggerListener.log Arquitectura:                      amd64
28-Apr-2026 12:19:52.184 INFORMACIÓN [main] org.apache.catalina.startup.VersionLoggerListener.log Java Home:                         /usr/lib/jvm/java-8-openjdk/jre
28-Apr-2026 12:19:52.184 INFORMACIÓN [main] org.apache.catalina.startup.VersionLoggerListener.log JVM Version:                       1.8.0_482-b08
28-Apr-2026 12:19:52.184 INFORMACIÓN [main] org.apache.catalina.startup.VersionLoggerListener.log Vededor JVM:                       Arch Linux
28-Apr-2026 12:19:52.184 INFORMACIÓN [main] org.apache.catalina.startup.VersionLoggerListener.log CATALINA_BASE:                     /home/andres/Dev/DISTRI/apache-tomcat-9.0.117
28-Apr-2026 12:19:52.184 INFORMACIÓN [main] org.apache.catalina.startup.VersionLoggerListener.log CATALINA_HOME:                     /home/andres/Dev/DISTRI/apache-tomcat-9.0.117
28-Apr-2026 12:19:52.185 INFORMACIÓN [main] org.apache.catalina.startup.VersionLoggerListener.log Command line argument:             -Djava.util.logging.config.file=/home/andres/Dev/DISTRI/apache-tomcat-9.0.117/conf/logging.properties
28-Apr-2026 12:19:52.185 INFORMACIÓN [main] org.apache.catalina.startup.VersionLoggerListener.log Command line argument:             -Djava.util.logging.manager=org.apache.juli.ClassLoaderLogManager
28-Apr-2026 12:19:52.185 INFORMACIÓN [main] org.apache.catalina.startup.VersionLoggerListener.log Command line argument:             -Djdk.tls.ephemeralDHKeySize=2048
28-Apr-2026 12:19:52.185 INFORMACIÓN [main] org.apache.catalina.startup.VersionLoggerListener.log Command line argument:             -Djava.protocol.handler.pkgs=org.apache.catalina.webresources
28-Apr-2026 12:19:52.185 INFORMACIÓN [main] org.apache.catalina.startup.VersionLoggerListener.log Command line argument:             -Dsun.io.useCanonCaches=false
28-Apr-2026 12:19:52.186 INFORMACIÓN [main] org.apache.catalina.startup.VersionLoggerListener.log Command line argument:             -Dorg.apache.catalina.security.SecurityListener.UMASK=0027
28-Apr-2026 12:19:52.186 INFORMACIÓN [main] org.apache.catalina.startup.VersionLoggerListener.log Command line argument:             -Dignore.endorsed.dirs=
28-Apr-2026 12:19:52.186 INFORMACIÓN [main] org.apache.catalina.startup.VersionLoggerListener.log Command line argument:             -Dcatalina.base=/home/andres/Dev/DISTRI/apache-tomcat-9.0.117
28-Apr-2026 12:19:52.186 INFORMACIÓN [main] org.apache.catalina.startup.VersionLoggerListener.log Command line argument:             -Dcatalina.home=/home/andres/Dev/DISTRI/apache-tomcat-9.0.117
28-Apr-2026 12:19:52.186 INFORMACIÓN [main] org.apache.catalina.startup.VersionLoggerListener.log Command line argument:             -Djava.io.tmpdir=/home/andres/Dev/DISTRI/apache-tomcat-9.0.117/temp
28-Apr-2026 12:19:52.188 INFORMACIÓN [main] org.apache.catalina.core.AprLifecycleListener.lifecycleEvent La biblioteca nativa de Apache Tomcat basada en ARP que permite un rendimiento óptimo en entornos de desarrollo no ha sido hallada en java.library.path: [/usr/java/packages/lib/amd64:/usr/lib64:/lib64:/lib:/usr/lib]
28-Apr-2026 12:19:52.493 INFORMACIÓN [main] org.apache.coyote.AbstractProtocol.init Inicializando el manejador de protocolo ["http-nio-8080"]

28-Apr-2026 12:19:52.513 INFORMACIÓN [main] org.apache.catalina.startup.Catalina.load Server initialization in [511] milliseconds
28-Apr-2026 12:19:52.551 INFORMACIÓN [main] org.apache.catalina.core.StandardService.startInternal Arrancando servicio [Catalina]
28-Apr-2026 12:19:52.551 INFORMACIÓN [main] org.apache.catalina.core.StandardEngine.startInternal Starting Servlet engine: [Apache Tomcat/9.0.117]
28-Apr-2026 12:19:52.560 INFORMACIÓN [main] org.apache.catalina.startup.HostConfig.deployDirectory Desplegando el directorio [/home/andres/Dev/DISTRI/apache-tomcat-9.0.117/webapps/docs] de la aplicación web
28-Apr-2026 12:19:52.815 INFORMACIÓN [main] org.apache.catalina.startup.HostConfig.deployDirectory Deployment of web application directory [/home/andres/Dev/DISTRI/apache-tomcat-9.0.117/webapps/docs] has finished in [254] ms
28-Apr-2026 12:19:52.815 INFORMACIÓN [main] org.apache.catalina.startup.HostConfig.deployDirectory Desplegando el directorio [/home/andres/Dev/DISTRI/apache-tomcat-9.0.117/webapps/manager] de la aplicación web
28-Apr-2026 12:19:52.855 INFORMACIÓN [main] org.apache.catalina.startup.HostConfig.deployDirectory Deployment of web application directory [/home/andres/Dev/DISTRI/apache-tomcat-9.0.117/webapps/manager] has finished in [40] ms
28-Apr-2026 12:19:52.856 INFORMACIÓN [main] org.apache.catalina.startup.HostConfig.deployDirectory Desplegando el directorio [/home/andres/Dev/DISTRI/apache-tomcat-9.0.117/webapps/examples] de la aplicación web
28-Apr-2026 12:19:53.087 INFORMACIÓN [main] org.apache.catalina.startup.HostConfig.deployDirectory Deployment of web application directory [/home/andres/Dev/DISTRI/apache-tomcat-9.0.117/webapps/examples] has finished in [230] ms
28-Apr-2026 12:19:53.087 INFORMACIÓN [main] org.apache.catalina.startup.HostConfig.deployDirectory Desplegando el directorio [/home/andres/Dev/DISTRI/apache-tomcat-9.0.117/webapps/ROOT] de la aplicación web
28-Apr-2026 12:19:53.106 INFORMACIÓN [main] org.apache.catalina.startup.HostConfig.deployDirectory Deployment of web application directory [/home/andres/Dev/DISTRI/apache-tomcat-9.0.117/webapps/ROOT] has finished in [19] ms
28-Apr-2026 12:19:53.107 INFORMACIÓN [main] org.apache.catalina.startup.HostConfig.deployDirectory Desplegando el directorio [/home/andres/Dev/DISTRI/apache-tomcat-9.0.117/webapps/host-manager] de la aplicación web
28-Apr-2026 12:19:53.130 INFORMACIÓN [main] org.apache.catalina.startup.HostConfig.deployDirectory Deployment of web application directory [/home/andres/Dev/DISTRI/apache-tomcat-9.0.117/webapps/host-manager] has finished in [24] ms
28-Apr-2026 12:19:53.136 INFORMACIÓN [main] org.apache.coyote.AbstractProtocol.start Starting ProtocolHandler ["http-nio-8080"]
28-Apr-2026 12:19:53.148 INFORMACIÓN [main] org.apache.catalina.startup.Catalina.start Server startup in [635] milliseconds
28-Apr-2026 12:20:58.703 INFORMACIÓN [main] org.apache.catalina.core.StandardServer.await Se ha recibido un comando de apagado a través del puerto de apagado. Parando la instancia del Servidor.
28-Apr-2026 12:20:58.703 INFORMACIÓN [main] org.apache.coyote.AbstractProtocol.pause Pausing ProtocolHandler ["http-nio-8080"]
28-Apr-2026 12:20:58.706 INFORMACIÓN [main] org.apache.catalina.core.StandardService.stopInternal Parando servicio [Catalina]
28-Apr-2026 12:20:58.728 INFORMACIÓN [main] org.apache.coyote.AbstractProtocol.stop Stopping ProtocolHandler ["http-nio-8080"]
28-Apr-2026 12:20:58.740 INFORMACIÓN [main] org.apache.coyote.AbstractProtocol.destroy Destroying ProtocolHandler ["http-nio-8080"]
28-Apr-2026 12:25:31.826 INFORMACIÓN [main] org.apache.catalina.startup.VersionLoggerListener.log Nombre de la versión del servidor: Apache Tomcat/9.0.117
28-Apr-2026 12:25:31.829 INFORMACIÓN [main] org.apache.catalina.startup.VersionLoggerListener.log Server built:                      Mar 30 2026 18:21:16 UTC
28-Apr-2026 12:25:31.829 INFORMACIÓN [main] org.apache.catalina.startup.VersionLoggerListener.log Número de versión de servidor:     9.0.117.0
28-Apr-2026 12:25:31.829 INFORMACIÓN [main] org.apache.catalina.startup.VersionLoggerListener.log OS Name:                           Linux
28-Apr-2026 12:25:31.829 INFORMACIÓN [main] org.apache.catalina.startup.VersionLoggerListener.log Versión de Systema Operativo:      6.19.10-hardened1-1-hardened
28-Apr-2026 12:25:31.829 INFORMACIÓN [main] org.apache.catalina.startup.VersionLoggerListener.log Arquitectura:                      amd64
28-Apr-2026 12:25:31.829 INFORMACIÓN [main] org.apache.catalina.startup.VersionLoggerListener.log Java Home:                         /usr/lib/jvm/java-8-openjdk/jre
28-Apr-2026 12:25:31.829 INFORMACIÓN [main] org.apache.catalina.startup.VersionLoggerListener.log JVM Version:                       1.8.0_482-b08
28-Apr-2026 12:25:31.830 INFORMACIÓN [main] org.apache.catalina.startup.VersionLoggerListener.log Vededor JVM:                       Arch Linux
28-Apr-2026 12:25:31.830 INFORMACIÓN [main] org.apache.catalina.startup.VersionLoggerListener.log CATALINA_BASE:                     /home/andres/Dev/DISTRI/apache-tomcat-9.0.117
28-Apr-2026 12:25:31.830 INFORMACIÓN [main] org.apache.catalina.startup.VersionLoggerListener.log CATALINA_HOME:                     /home/andres/Dev/DISTRI/apache-tomcat-9.0.117
28-Apr-2026 12:25:31.831 INFORMACIÓN [main] org.apache.catalina.startup.VersionLoggerListener.log Command line argument:             -Djava.util.logging.config.file=/home/andres/Dev/DISTRI/apache-tomcat-9.0.117/conf/logging.properties
28-Apr-2026 12:25:31.831 INFORMACIÓN [main] org.apache.catalina.startup.VersionLoggerListener.log Command line argument:             -Djava.util.logging.manager=org.apache.juli.ClassLoaderLogManager
28-Apr-2026 12:25:31.831 INFORMACIÓN [main] org.apache.catalina.startup.VersionLoggerListener.log Command line argument:             -Djdk.tls.ephemeralDHKeySize=2048
28-Apr-2026 12:25:31.831 INFORMACIÓN [main] org.apache.catalina.startup.VersionLoggerListener.log Command line argument:             -Djava.protocol.handler.pkgs=org.apache.catalina.webresources
28-Apr-2026 12:25:31.831 INFORMACIÓN [main] org.apache.catalina.startup.VersionLoggerListener.log Command line argument:             -Dsun.io.useCanonCaches=false
28-Apr-2026 12:25:31.831 INFORMACIÓN [main] org.apache.catalina.startup.VersionLoggerListener.log Command line argument:             -Dorg.apache.catalina.security.SecurityListener.UMASK=0027
28-Apr-2026 12:25:31.832 INFORMACIÓN [main] org.apache.catalina.startup.VersionLoggerListener.log Command line argument:             -Dignore.endorsed.dirs=
28-Apr-2026 12:25:31.832 INFORMACIÓN [main] org.apache.catalina.startup.VersionLoggerListener.log Command line argument:             -Dcatalina.base=/home/andres/Dev/DISTRI/apache-tomcat-9.0.117
28-Apr-2026 12:25:31.832 INFORMACIÓN [main] org.apache.catalina.startup.VersionLoggerListener.log Command line argument:             -Dcatalina.home=/home/andres/Dev/DISTRI/apache-tomcat-9.0.117
28-Apr-2026 12:25:31.832 INFORMACIÓN [main] org.apache.catalina.startup.VersionLoggerListener.log Command line argument:             -Djava.io.tmpdir=/home/andres/Dev/DISTRI/apache-tomcat-9.0.117/temp
28-Apr-2026 12:25:31.835 INFORMACIÓN [main] org.apache.catalina.core.AprLifecycleListener.lifecycleEvent La biblioteca nativa de Apache Tomcat basada en ARP que permite un rendimiento óptimo en entornos de desarrollo no ha sido hallada en java.library.path: [/usr/java/packages/lib/amd64:/usr/lib64:/lib64:/lib:/usr/lib]
28-Apr-2026 12:25:32.173 INFORMACIÓN [main] org.apache.coyote.AbstractProtocol.init Inicializando el manejador de protocolo ["http-nio-8080"]

28-Apr-2026 12:25:32.198 INFORMACIÓN [main] org.apache.catalina.startup.Catalina.load Server initialization in [545] milliseconds
28-Apr-2026 12:25:32.240 INFORMACIÓN [main] org.apache.catalina.core.StandardService.startInternal Arrancando servicio [Catalina]
28-Apr-2026 12:25:32.241 INFORMACIÓN [main] org.apache.catalina.core.StandardEngine.startInternal Starting Servlet engine: [Apache Tomcat/9.0.117]
28-Apr-2026 12:25:32.257 INFORMACIÓN [main] org.apache.catalina.startup.HostConfig.deployWAR Despliegue del archivo [/home/andres/Dev/DISTRI/apache-tomcat-9.0.117/webapps/pbft.war] de la aplicación web
28-Apr-2026 12:25:33.022 INFORMACIÓN [main] org.apache.jasper.servlet.TldScanner.scanJars Al menos un JAR, que se ha explorado buscando TLDs, aún no contenía TLDs. Activar historial de depuración para este historiador para una completa lista de los JARs que fueron explorados y de los que nos se halló TLDs. Saltarse JARs no necesarios durante la exploración puede dar lugar a una mejora de tiempo significativa en el arranque y compilación de JSP .
28-Apr-2026 12:25:33.949 INFORMACIÓN [main] org.apache.catalina.startup.HostConfig.deployWAR Deployment of web application archive [/home/andres/Dev/DISTRI/apache-tomcat-9.0.117/webapps/pbft.war] has finished in [1.692] ms
28-Apr-2026 12:25:33.949 INFORMACIÓN [main] org.apache.catalina.startup.HostConfig.deployDirectory Desplegando el directorio [/home/andres/Dev/DISTRI/apache-tomcat-9.0.117/webapps/docs] de la aplicación web
28-Apr-2026 12:25:33.965 INFORMACIÓN [main] org.apache.catalina.startup.HostConfig.deployDirectory Deployment of web application directory [/home/andres/Dev/DISTRI/apache-tomcat-9.0.117/webapps/docs] has finished in [16] ms
28-Apr-2026 12:25:33.965 INFORMACIÓN [main] org.apache.catalina.startup.HostConfig.deployDirectory Desplegando el directorio [/home/andres/Dev/DISTRI/apache-tomcat-9.0.117/webapps/manager] de la aplicación web
28-Apr-2026 12:25:33.990 INFORMACIÓN [main] org.apache.catalina.startup.HostConfig.deployDirectory Deployment of web application directory [/home/andres/Dev/DISTRI/apache-tomcat-9.0.117/webapps/manager] has finished in [25] ms
28-Apr-2026 12:25:33.990 INFORMACIÓN [main] org.apache.catalina.startup.HostConfig.deployDirectory Desplegando el directorio [/home/andres/Dev/DISTRI/apache-tomcat-9.0.117/webapps/examples] de la aplicación web
28-Apr-2026 12:25:34.171 INFORMACIÓN [main] org.apache.catalina.startup.HostConfig.deployDirectory Deployment of web application directory [/home/andres/Dev/DISTRI/apache-tomcat-9.0.117/webapps/examples] has finished in [180] ms
28-Apr-2026 12:25:34.171 INFORMACIÓN [main] org.apache.catalina.startup.HostConfig.deployDirectory Desplegando el directorio [/home/andres/Dev/DISTRI/apache-tomcat-9.0.117/webapps/ROOT] de la aplicación web
28-Apr-2026 12:25:34.189 INFORMACIÓN [main] org.apache.catalina.startup.HostConfig.deployDirectory Deployment of web application directory [/home/andres/Dev/DISTRI/apache-tomcat-9.0.117/webapps/ROOT] has finished in [17] ms
28-Apr-2026 12:25:34.189 INFORMACIÓN [main] org.apache.catalina.startup.HostConfig.deployDirectory Desplegando el directorio [/home/andres/Dev/DISTRI/apache-tomcat-9.0.117/webapps/host-manager] de la aplicación web
28-Apr-2026 12:25:34.207 INFORMACIÓN [main] org.apache.catalina.startup.HostConfig.deployDirectory Deployment of web application directory [/home/andres/Dev/DISTRI/apache-tomcat-9.0.117/webapps/host-manager] has finished in [18] ms
28-Apr-2026 12:25:34.213 INFORMACIÓN [main] org.apache.coyote.AbstractProtocol.start Starting ProtocolHandler ["http-nio-8080"]
28-Apr-2026 12:25:34.225 INFORMACIÓN [main] org.apache.catalina.startup.Catalina.start Server startup in [2026] milliseconds
28-Apr-2026 12:26:46.864 INFORMACIÓN [main] org.apache.catalina.core.StandardServer.await Se ha recibido un comando de apagado a través del puerto de apagado. Parando la instancia del Servidor.
28-Apr-2026 12:26:46.864 INFORMACIÓN [main] org.apache.coyote.AbstractProtocol.pause Pausing ProtocolHandler ["http-nio-8080"]
28-Apr-2026 12:26:46.866 INFORMACIÓN [main] org.apache.catalina.core.StandardService.stopInternal Parando servicio [Catalina]
28-Apr-2026 12:26:46.893 INFORMACIÓN [main] org.apache.coyote.AbstractProtocol.stop Stopping ProtocolHandler ["http-nio-8080"]
28-Apr-2026 12:26:46.901 INFORMACIÓN [main] org.apache.coyote.AbstractProtocol.destroy Destroying ProtocolHandler ["http-nio-8080"]
